
*** Running vivado
    with args -log divider.vds -m64 -product Vivado -mode batch -messageDb vivado.pb -notrace -source divider.tcl



****** Vivado v2024.1 (64-bit)
  **** SW Build 5076996 on Wed May 22 18:37:14 MDT 2024
  **** IP Build 5075265 on Wed May 22 21:45:21 MDT 2024
  **** SharedData Build 5076995 on Wed May 22 18:29:18 MDT 2024
  **** Start of session at: Tue Dec 17 21:43:26 2024
    ** Copyright 1986-2022 Xilinx, Inc. All Rights Reserved.
    ** Copyright 2022-2024 Advanced Micro Devices, Inc. All Rights Reserved.

source divider.tcl -notrace
create_project: Time (s): cpu = 00:00:02 ; elapsed = 00:00:08 . Memory (MB): peak = 487.113 ; gain = 202.613
INFO: [IP_Flow 19-6924] IPCACHE: Running cache check for IP inst: divider
INFO: [IP_Flow 19-6922] IPCACHE: Exporting cached entry 94fd6d890ef056a0 to dir: C:/Study/Computer_Architecture/lab/lab6/Exp6/Exp6/Exp6.runs/divider_synth_1
INFO: [IP_Flow 19-6928] IPCACHE: copied cached file c:/Study/Computer_Architecture/lab/lab6/Exp6/Exp6/Exp6.cache/ip/2024.1/9/4/94fd6d890ef056a0/divider.dcp to C:/Study/Computer_Architecture/lab/lab6/Exp6/Exp6/Exp6.runs/divider_synth_1/divider.dcp.
INFO: [IP_Flow 19-6928] IPCACHE: copied cached file c:/Study/Computer_Architecture/lab/lab6/Exp6/Exp6/Exp6.cache/ip/2024.1/9/4/94fd6d890ef056a0/divider_sim_netlist.v to C:/Study/Computer_Architecture/lab/lab6/Exp6/Exp6/Exp6.runs/divider_synth_1/divider_sim_netlist.v.
INFO: [IP_Flow 19-6928] IPCACHE: copied cached file c:/Study/Computer_Architecture/lab/lab6/Exp6/Exp6/Exp6.cache/ip/2024.1/9/4/94fd6d890ef056a0/divider_sim_netlist.vhdl to C:/Study/Computer_Architecture/lab/lab6/Exp6/Exp6/Exp6.runs/divider_synth_1/divider_sim_netlist.vhdl.
INFO: [IP_Flow 19-6928] IPCACHE: copied cached file c:/Study/Computer_Architecture/lab/lab6/Exp6/Exp6/Exp6.cache/ip/2024.1/9/4/94fd6d890ef056a0/divider_stub.v to C:/Study/Computer_Architecture/lab/lab6/Exp6/Exp6/Exp6.runs/divider_synth_1/divider_stub.v.
INFO: [IP_Flow 19-6928] IPCACHE: copied cached file c:/Study/Computer_Architecture/lab/lab6/Exp6/Exp6/Exp6.cache/ip/2024.1/9/4/94fd6d890ef056a0/divider_stub.vhdl to C:/Study/Computer_Architecture/lab/lab6/Exp6/Exp6/Exp6.runs/divider_synth_1/divider_stub.vhdl.
INFO: [IP_Flow 19-4838] Using cached IP synthesis design for IP divider, cache-ID = 94fd6d890ef056a0.
INFO: [Common 17-206] Exiting Vivado at Tue Dec 17 21:43:42 2024...
