Vivado Simulator v2024.1
Copyright 1986-2022 Xilinx, Inc. All Rights Reserved.
Copyright 2022-2024 Advanced Micro Devices, Inc. All Rights Reserved.
Running: C:/Xilinx/Vivado/2024.1/bin/unwrapped/win64.o/xelab.exe --incr --debug typical --relax --mt 2 -L xil_defaultlib -L xbip_utils_v3_0_13 -L axi_utils_v2_0_9 -L xbip_pipe_v3_0_9 -L xbip_dsp48_wrapper_v3_0_6 -L xbip_dsp48_addsub_v3_0_9 -L xbip_bram18k_v3_0_9 -L mult_gen_v12_0_21 -L floating_point_v7_0_23 -L xbip_dsp48_mult_v3_0_9 -L xbip_dsp48_multadd_v3_0_9 -L div_gen_v5_1_22 -L unisims_ver -L unimacro_ver -L secureip -L xpm --snapshot core_sim_behav xil_defaultlib.core_sim xil_defaultlib.glbl -log elaborate.log 
Using 2 slave threads.
Starting static elaboration
Pass Through NonSizing Optimizer
WARNING: [VRFC 10-3091] actual bit length 3 differs from formal bit length 32 for port 'b' [C:/Study/Computer_Architecture/lab/lab5/Exp5/Exp5/code/core/FU_jump.v:35]
Completed static elaboration
Starting simulation data flow analysis
Completed simulation data flow analysis
Time Resolution for simulation is 1ps
Compiling package std.standard
Compiling package std.textio
Compiling package ieee.std_logic_1164
Compiling package ieee.numeric_std
Compiling package xbip_utils_v3_0_13.xbip_utils_v3_0_13_pkg
Compiling package mult_gen_v12_0_21.mult_gen_v12_0_21_viv_comp
Compiling package mult_gen_v12_0_21.mult_gen_v12_0_21_pkg
Compiling package ieee.std_logic_arith
Compiling package ieee.std_logic_signed
Compiling package unisim.vcomponents
Compiling package ieee.std_logic_unsigned
Compiling package ieee.vital_timing
Compiling package ieee.vital_primitives
Compiling package unisim.vpkg
Compiling package div_gen_v5_1_22.div_gen_v5_1_22_viv_comp
Compiling package xbip_pipe_v3_0_9.xbip_pipe_v3_0_9_viv_comp
Compiling package axi_utils_v2_0_9.axi_utils_v2_0_9_pkg
Compiling package ieee.math_real
Compiling package axi_utils_v2_0_9.global_util_pkg
Compiling package axi_utils_v2_0_9.axi_utils_comps
Compiling package xbip_bram18k_v3_0_9.xbip_bram18k_v3_0_9_pkg
Compiling package div_gen_v5_1_22.div_gen_pkg
Compiling package div_gen_v5_1_22.pkg_addsub
Compiling module xil_defaultlib.debug_clk
Compiling module xil_defaultlib.REG32
Compiling module xil_defaultlib.add_32
Compiling module xil_defaultlib.MUX2T1_32
Compiling module xil_defaultlib.ROM_D
Compiling module xil_defaultlib.REG_ID
Compiling module xil_defaultlib.CtrlUnit
Compiling module xil_defaultlib.ImmGen
Compiling module xil_defaultlib.Regs
Compiling module xil_defaultlib.FU_ALU
Compiling module xil_defaultlib.RAM_B
Compiling module xil_defaultlib.FU_mem
Compiling architecture lut2_v of entity unisim.LUT2 [\LUT2(init="1000")(0,3)\]
Compiling architecture mult_and_v of entity unisim.MULT_AND [mult_and_default]
Compiling architecture muxcy_v of entity unisim.MUXCY [muxcy_default]
Compiling architecture xorcy_v of entity unisim.XORCY [xorcy_default]
Compiling architecture xilinx of entity mult_gen_v12_0_21.op_resize [\op_resize(ai_width=32,bi_width=...]
Compiling architecture xilinx of entity mult_gen_v12_0_21.luts [\luts(c_xdevicefamily="kintex7",...]
Compiling architecture xilinx of entity mult_gen_v12_0_21.mult_gen_v12_0_21_viv [\mult_gen_v12_0_21_viv(c_verbosi...]
Compiling architecture xilinx of entity mult_gen_v12_0_21.mult_gen_v12_0_21 [\mult_gen_v12_0_21(c_xdevicefami...]
Compiling architecture multiplier_arch of entity xil_defaultlib.multiplier [multiplier_default]
Compiling module xil_defaultlib.FU_mul
Compiling architecture synth of entity div_gen_v5_1_22.c_twos_comp_viv [\c_twos_comp_viv(c_width=32,c_ai...]
Compiling architecture virtex of entity div_gen_v5_1_22.cmp2s_v [\cmp2s_v(c_bus_width=32,c_regist...]
Compiling architecture synth of entity div_gen_v5_1_22.c_twos_comp_viv [\c_twos_comp_viv(c_width=32,c_ai...]
Compiling architecture virtex of entity div_gen_v5_1_22.cmp2s_v [\cmp2s_v(c_bus_width=32,c_ainit_...]
Compiling architecture synth of entity xbip_pipe_v3_0_9.xbip_pipe_v3_0_9_viv [\xbip_pipe_v3_0_9_viv(c_latency=...]
Compiling architecture synth of entity xbip_pipe_v3_0_9.xbip_pipe_v3_0_9_viv [\xbip_pipe_v3_0_9_viv(c_latency=...]
Compiling architecture synth of entity xbip_pipe_v3_0_9.xbip_pipe_v3_0_9_viv [\xbip_pipe_v3_0_9_viv(c_latency=...]
Compiling architecture synth of entity xbip_pipe_v3_0_9.xbip_pipe_v3_0_9_viv [\xbip_pipe_v3_0_9_viv(c_latency=...]
Compiling architecture synth of entity xbip_pipe_v3_0_9.xbip_pipe_v3_0_9_viv [\xbip_pipe_v3_0_9_viv(c_latency=...]
Compiling architecture rtl of entity div_gen_v5_1_22.c_addsub_lut6 [\c_addsub_lut6(c_width=33,c_add_...]
Compiling architecture synth of entity div_gen_v5_1_22.c_addsub_viv [\c_addsub_viv(c_a_width=33,c_b_w...]
Compiling architecture virtex of entity div_gen_v5_1_22.addsubreg_v [\addsubreg_v(c_bus_width=33,c_ai...]
Compiling architecture synth of entity xbip_pipe_v3_0_9.xbip_pipe_v3_0_9_viv [\xbip_pipe_v3_0_9_viv(c_latency=...]
Compiling architecture synth of entity xbip_pipe_v3_0_9.xbip_pipe_v3_0_9_viv [\xbip_pipe_v3_0_9_viv(c_latency=...]
Compiling architecture synth of entity xbip_pipe_v3_0_9.xbip_pipe_v3_0_9_viv [\xbip_pipe_v3_0_9_viv(c_latency=...]
Compiling architecture synth of entity xbip_pipe_v3_0_9.xbip_pipe_v3_0_9_viv [\xbip_pipe_v3_0_9_viv(c_latency=...]
Compiling architecture synth of entity xbip_pipe_v3_0_9.xbip_pipe_v3_0_9_viv [\xbip_pipe_v3_0_9_viv(c_latency=...]
Compiling architecture synth of entity xbip_pipe_v3_0_9.xbip_pipe_v3_0_9_viv [\xbip_pipe_v3_0_9_viv(c_latency=...]
Compiling architecture synth of entity xbip_pipe_v3_0_9.xbip_pipe_v3_0_9_viv [\xbip_pipe_v3_0_9_viv(c_latency=...]
Compiling architecture synth of entity xbip_pipe_v3_0_9.xbip_pipe_v3_0_9_viv [\xbip_pipe_v3_0_9_viv(c_latency=...]
Compiling architecture synth of entity xbip_pipe_v3_0_9.xbip_pipe_v3_0_9_viv [\xbip_pipe_v3_0_9_viv(c_latency=...]
Compiling architecture synth of entity xbip_pipe_v3_0_9.xbip_pipe_v3_0_9_viv [\xbip_pipe_v3_0_9_viv(c_latency=...]
Compiling architecture synth of entity xbip_pipe_v3_0_9.xbip_pipe_v3_0_9_viv [\xbip_pipe_v3_0_9_viv(c_latency=...]
Compiling architecture synth of entity xbip_pipe_v3_0_9.xbip_pipe_v3_0_9_viv [\xbip_pipe_v3_0_9_viv(c_latency=...]
Compiling architecture synth of entity xbip_pipe_v3_0_9.xbip_pipe_v3_0_9_viv [\xbip_pipe_v3_0_9_viv(c_latency=...]
Compiling architecture synth of entity xbip_pipe_v3_0_9.xbip_pipe_v3_0_9_viv [\xbip_pipe_v3_0_9_viv(c_latency=...]
Compiling architecture synth of entity xbip_pipe_v3_0_9.xbip_pipe_v3_0_9_viv [\xbip_pipe_v3_0_9_viv(c_latency=...]
Compiling architecture synth of entity xbip_pipe_v3_0_9.xbip_pipe_v3_0_9_viv [\xbip_pipe_v3_0_9_viv(c_latency=...]
Compiling architecture synth of entity xbip_pipe_v3_0_9.xbip_pipe_v3_0_9_viv [\xbip_pipe_v3_0_9_viv(c_latency=...]
Compiling architecture synth of entity xbip_pipe_v3_0_9.xbip_pipe_v3_0_9_viv [\xbip_pipe_v3_0_9_viv(c_latency=...]
Compiling architecture synth of entity xbip_pipe_v3_0_9.xbip_pipe_v3_0_9_viv [\xbip_pipe_v3_0_9_viv(c_latency=...]
Compiling architecture synth of entity xbip_pipe_v3_0_9.xbip_pipe_v3_0_9_viv [\xbip_pipe_v3_0_9_viv(c_latency=...]
Compiling architecture synth of entity xbip_pipe_v3_0_9.xbip_pipe_v3_0_9_viv [\xbip_pipe_v3_0_9_viv(c_latency=...]
Compiling architecture synth of entity xbip_pipe_v3_0_9.xbip_pipe_v3_0_9_viv [\xbip_pipe_v3_0_9_viv(c_latency=...]
Compiling architecture synth of entity xbip_pipe_v3_0_9.xbip_pipe_v3_0_9_viv [\xbip_pipe_v3_0_9_viv(c_latency=...]
Compiling architecture synth of entity xbip_pipe_v3_0_9.xbip_pipe_v3_0_9_viv [\xbip_pipe_v3_0_9_viv(c_latency=...]
Compiling architecture synth of entity xbip_pipe_v3_0_9.xbip_pipe_v3_0_9_viv [\xbip_pipe_v3_0_9_viv(c_latency=...]
Compiling architecture synth of entity xbip_pipe_v3_0_9.xbip_pipe_v3_0_9_viv [\xbip_pipe_v3_0_9_viv(c_latency=...]
Compiling architecture synth of entity xbip_pipe_v3_0_9.xbip_pipe_v3_0_9_viv [\xbip_pipe_v3_0_9_viv(c_latency=...]
Compiling architecture synth of entity xbip_pipe_v3_0_9.xbip_pipe_v3_0_9_viv [\xbip_pipe_v3_0_9_viv(c_latency=...]
Compiling architecture synth of entity xbip_pipe_v3_0_9.xbip_pipe_v3_0_9_viv [\xbip_pipe_v3_0_9_viv(c_latency=...]
Compiling architecture synth of entity xbip_pipe_v3_0_9.xbip_pipe_v3_0_9_viv [\xbip_pipe_v3_0_9_viv(c_latency=...]
Compiling architecture synth of entity xbip_pipe_v3_0_9.xbip_pipe_v3_0_9_viv [\xbip_pipe_v3_0_9_viv(c_latency=...]
Compiling architecture synth of entity xbip_pipe_v3_0_9.xbip_pipe_v3_0_9_viv [\xbip_pipe_v3_0_9_viv(c_latency=...]
Compiling architecture synth of entity xbip_pipe_v3_0_9.xbip_pipe_v3_0_9_viv [\xbip_pipe_v3_0_9_viv(c_latency=...]
Compiling architecture synth of entity xbip_pipe_v3_0_9.xbip_pipe_v3_0_9_viv [\xbip_pipe_v3_0_9_viv(c_latency=...]
Compiling architecture synth of entity xbip_pipe_v3_0_9.xbip_pipe_v3_0_9_viv [\xbip_pipe_v3_0_9_viv(c_latency=...]
Compiling architecture synth of entity xbip_pipe_v3_0_9.xbip_pipe_v3_0_9_viv [\xbip_pipe_v3_0_9_viv(c_latency=...]
Compiling architecture synth of entity xbip_pipe_v3_0_9.xbip_pipe_v3_0_9_viv [\xbip_pipe_v3_0_9_viv(c_latency=...]
Compiling architecture synth of entity xbip_pipe_v3_0_9.xbip_pipe_v3_0_9_viv [\xbip_pipe_v3_0_9_viv(c_latency=...]
Compiling architecture synth of entity xbip_pipe_v3_0_9.xbip_pipe_v3_0_9_viv [\xbip_pipe_v3_0_9_viv(c_latency=...]
Compiling architecture synth of entity xbip_pipe_v3_0_9.xbip_pipe_v3_0_9_viv [\xbip_pipe_v3_0_9_viv(c_latency=...]
Compiling architecture synth of entity xbip_pipe_v3_0_9.xbip_pipe_v3_0_9_viv [\xbip_pipe_v3_0_9_viv(c_latency=...]
Compiling architecture synth of entity xbip_pipe_v3_0_9.xbip_pipe_v3_0_9_viv [\xbip_pipe_v3_0_9_viv(c_latency=...]
Compiling architecture synth of entity xbip_pipe_v3_0_9.xbip_pipe_v3_0_9_viv [\xbip_pipe_v3_0_9_viv(c_latency=...]
Compiling architecture synth of entity xbip_pipe_v3_0_9.xbip_pipe_v3_0_9_viv [\xbip_pipe_v3_0_9_viv(c_latency=...]
Compiling architecture synth of entity xbip_pipe_v3_0_9.xbip_pipe_v3_0_9_viv [\xbip_pipe_v3_0_9_viv(c_latency=...]
Compiling architecture synth of entity xbip_pipe_v3_0_9.xbip_pipe_v3_0_9_viv [\xbip_pipe_v3_0_9_viv(c_latency=...]
Compiling architecture synth of entity xbip_pipe_v3_0_9.xbip_pipe_v3_0_9_viv [\xbip_pipe_v3_0_9_viv(c_latency=...]
Compiling architecture synth of entity xbip_pipe_v3_0_9.xbip_pipe_v3_0_9_viv [\xbip_pipe_v3_0_9_viv(c_latency=...]
Compiling architecture synth of entity xbip_pipe_v3_0_9.xbip_pipe_v3_0_9_viv [\xbip_pipe_v3_0_9_viv(c_latency=...]
Compiling architecture synth of entity xbip_pipe_v3_0_9.xbip_pipe_v3_0_9_viv [\xbip_pipe_v3_0_9_viv(c_latency=...]
Compiling architecture synth of entity xbip_pipe_v3_0_9.xbip_pipe_v3_0_9_viv [\xbip_pipe_v3_0_9_viv(c_latency=...]
Compiling architecture synth of entity xbip_pipe_v3_0_9.xbip_pipe_v3_0_9_viv [\xbip_pipe_v3_0_9_viv(c_latency=...]
Compiling architecture synth of entity xbip_pipe_v3_0_9.xbip_pipe_v3_0_9_viv [\xbip_pipe_v3_0_9_viv(c_latency=...]
Compiling architecture synth of entity xbip_pipe_v3_0_9.xbip_pipe_v3_0_9_viv [\xbip_pipe_v3_0_9_viv(c_latency=...]
Compiling architecture synth of entity xbip_pipe_v3_0_9.xbip_pipe_v3_0_9_viv [\xbip_pipe_v3_0_9_viv(c_latency=...]
Compiling architecture synth of entity xbip_pipe_v3_0_9.xbip_pipe_v3_0_9_viv [\xbip_pipe_v3_0_9_viv(c_latency=...]
Compiling architecture synth of entity xbip_pipe_v3_0_9.xbip_pipe_v3_0_9_viv [\xbip_pipe_v3_0_9_viv(c_latency=...]
Compiling architecture synth of entity xbip_pipe_v3_0_9.xbip_pipe_v3_0_9_viv [\xbip_pipe_v3_0_9_viv(c_latency=...]
Compiling architecture synth of entity xbip_pipe_v3_0_9.xbip_pipe_v3_0_9_viv [\xbip_pipe_v3_0_9_viv(c_latency=...]
Compiling architecture synth of entity xbip_pipe_v3_0_9.xbip_pipe_v3_0_9_viv [\xbip_pipe_v3_0_9_viv(c_latency=...]
Compiling architecture synth of entity xbip_pipe_v3_0_9.xbip_pipe_v3_0_9_viv [\xbip_pipe_v3_0_9_viv(c_latency=...]
Compiling architecture synth of entity xbip_pipe_v3_0_9.xbip_pipe_v3_0_9_viv [\xbip_pipe_v3_0_9_viv(c_latency=...]
Compiling architecture rtl of entity div_gen_v5_1_22.c_addsub_lut6 [\c_addsub_lut6(c_width=33,c_add_...]
Compiling architecture synth of entity div_gen_v5_1_22.c_addsub_viv [\c_addsub_viv(c_a_width=33,c_b_w...]
Compiling architecture virtex of entity div_gen_v5_1_22.addsubreg_v [\addsubreg_v(c_bus_width=33,c_ha...]
Compiling architecture virtex of entity div_gen_v5_1_22.dividervdc_v [\dividervdc_v(bus_num=32,bus_div...]
Compiling architecture synth of entity div_gen_v5_1_22.c_twos_comp_viv [\c_twos_comp_viv(c_width=33,c_ai...]
Compiling architecture virtex of entity div_gen_v5_1_22.cmp2s_v [\cmp2s_v(c_bus_width=33,c_regist...]
Compiling architecture synth of entity div_gen_v5_1_22.bip_sdivider_synth [\bip_sdivider_synth(c_xdevicefam...]
Compiling architecture synth of entity div_gen_v5_1_22.div_gen_synth [\div_gen_synth(c_xdevicefamily="...]
Compiling architecture synth of entity xbip_pipe_v3_0_9.xbip_pipe_v3_0_9_viv [\xbip_pipe_v3_0_9_viv(c_latency=...]
Compiling architecture synth of entity div_gen_v5_1_22.div_gen_v5_1_22_viv [\div_gen_v5_1_22_viv(c_xdevicefa...]
Compiling architecture xilinx of entity div_gen_v5_1_22.div_gen_v5_1_22 [\div_gen_v5_1_22(c_xdevicefamily...]
Compiling architecture divider_arch of entity xil_defaultlib.divider [divider_default]
Compiling module xil_defaultlib.FU_div
Compiling module xil_defaultlib.cmp_32
Compiling module xil_defaultlib.FU_jump
Compiling module xil_defaultlib.MUX8T1_32
Compiling module xil_defaultlib.RV32core
Compiling module xil_defaultlib.core_sim
Compiling module xil_defaultlib.glbl
Built simulation snapshot core_sim_behav
