Copyright 1986-2022 Xilinx, Inc. All Rights Reserved. Copyright 2022-2024 Advanced Micro Devices, Inc. All Rights Reserved.
---------------------------------------------------------------------------------------------------------------------------------------------
| Tool Version : Vivado v.2024.1 (win64) Build 5076996 Wed May 22 18:37:14 MDT 2024
| Date         : Mon Nov 25 21:47:43 2024
| Host         : Mr-Lee running 64-bit major release  (build 9200)
| Command      : upgrade_ip
| Device       : xc7k325tffg676-2L
---------------------------------------------------------------------------------------------------------------------------------------------

Upgrade Log for IP 'divider'

1. Summary
----------

SUCCESS in the upgrade of divider (xilinx.com:ip:div_gen:5.1) from (Rev. 13) to (Rev. 22)






Copyright 1986-2022 Xilinx, Inc. All Rights Reserved. Copyright 2022-2024 Advanced Micro Devices, Inc. All Rights Reserved.
---------------------------------------------------------------------------------------------------------------------------------------------
| Tool Version : Vivado v.2024.1 (win64) Build 5076996 Wed May 22 18:37:14 MDT 2024
| Date         : Mon Nov 25 21:47:36 2024
| Host         : Mr-Lee running 64-bit major release  (build 9200)
| Command      : upgrade_ip
| Device       : xc7k325tffg676-2L
---------------------------------------------------------------------------------------------------------------------------------------------

Upgrade Log for IP 'multiplier'

1. Summary
----------

SUCCESS in the upgrade of multiplier (xilinx.com:ip:mult_gen:12.0) from (Rev. 14) to (Rev. 21)

