#-----------------------------------------------------------
# Vivado v2021.1 (64-bit)
# SW Build 3247384 on Thu Jun 10 19:36:33 MDT 2021
# IP Build 3246043 on Fri Jun 11 00:30:35 MDT 2021
# Start of session at: Tue Sep 20 14:51:38 2022
# Process ID: 4700
# Current directory: C:/Users/haozh/Desktop/ca21/lab/Code4Stu/Exp1
# Command line: vivado.exe -gui_launcher_event rodinguilauncherevent3108 C:\Users\haozh\Desktop\ca21\lab\Code4Stu\Exp1\Exp1.xpr
# Log file: C:/Users/haozh/Desktop/ca21/lab/Code4Stu/Exp1/vivado.log
# Journal file: C:/Users/haozh/Desktop/ca21/lab/Code4Stu/Exp1\vivado.jou
#-----------------------------------------------------------
start_gui
open_project C:/Users/haozh/Desktop/ca21/lab/Code4Stu/Exp1/Exp1.xpr
Scanning sources...
Finished scanning sources
INFO: [IP_Flow 19-234] Refreshing IP repositories
INFO: [IP_Flow 19-1704] No user IP repositories specified
INFO: [IP_Flow 19-2313] Loaded Vivado IP repository 'E:/Vivado/2021.1/data/ip'.
update_compile_order -fileset sources_1
exit
INFO: [Common 17-206] Exiting Vivado at Tue Sep 20 18:24:30 2022...
