#-----------------------------------------------------------
# Vivado v2021.1 (64-bit)
# SW Build 3247384 on Thu Jun 10 19:36:33 MDT 2021
# IP Build 3246043 on Fri Jun 11 00:30:35 MDT 2021
# Start of session at: Tue Sep 20 21:04:04 2022
# Process ID: 8528
# Current directory: C:/Users/haozh/Desktop/ca21/lab/Code4Stu/Exp1
# Command line: vivado.exe -gui_launcher_event rodinguilauncherevent10452 C:\Users\haozh\Desktop\ca21\lab\Code4Stu\Exp1\Exp1.xpr
# Log file: C:/Users/haozh/Desktop/ca21/lab/Code4Stu/Exp1/vivado.log
# Journal file: C:/Users/haozh/Desktop/ca21/lab/Code4Stu/Exp1\vivado.jou
#-----------------------------------------------------------
start_gui
open_project C:/Users/haozh/Desktop/ca21/lab/Code4Stu/Exp1/Exp1.xpr
Scanning sources...
Finished scanning sources
INFO: [IP_Flow 19-234] Refreshing IP repositories
INFO: [IP_Flow 19-1704] No user IP repositories specified
INFO: [IP_Flow 19-2313] Loaded Vivado IP repository 'E:/Vivado/2021.1/data/ip'.
update_compile_order -fileset sources_1
launch_simulation
Command: launch_simulation 
INFO: [Vivado 12-12493] Simulation top is 'core_sim'
INFO: [Vivado 12-5682] Launching behavioral simulation in 'C:/Users/haozh/Desktop/ca21/lab/Code4Stu/Exp1/Exp1.sim/sim_1/behav/xsim'
INFO: [SIM-utils-51] Simulation object is 'sim_1'
INFO: [SIM-utils-72] Using boost library from 'E:/Vivado/2021.1/tps/boost_1_72_0'
INFO: [SIM-utils-54] Inspecting design source files for 'core_sim' in fileset 'sim_1'...
INFO: [USF-XSim-97] Finding global include files...
INFO: [USF-XSim-98] Fetching design files from 'sim_1'...
INFO: [USF-XSim-2] XSim::Compile design
INFO: [USF-XSim-61] Executing 'COMPILE and ANALYZE' step in 'C:/Users/haozh/Desktop/ca21/lab/Code4Stu/Exp1/Exp1.sim/sim_1/behav/xsim'
"xvlog --incr --relax -prj core_sim_vlog.prj"
INFO: [VRFC 10-2263] Analyzing Verilog file "C:/Users/haozh/Desktop/ca21/lab/Code4Stu/Exp1/code/core/ALU.v" into library xil_defaultlib
INFO: [VRFC 10-311] analyzing module ALU
INFO: [VRFC 10-2263] Analyzing Verilog file "C:/Users/haozh/Desktop/ca21/lab/Code4Stu/Exp1/code/auxillary/CPUTEST.v" into library xil_defaultlib
INFO: [VRFC 10-311] analyzing module CPUTEST
INFO: [VRFC 10-2263] Analyzing Verilog file "C:/Users/haozh/Desktop/ca21/lab/Code4Stu/Exp1/code/core/CtrlUnit.v" into library xil_defaultlib
INFO: [VRFC 10-311] analyzing module CtrlUnit
ERROR: [VRFC 10-4982] syntax error near ';' [C:/Users/haozh/Desktop/ca21/lab/Code4Stu/Exp1/code/core/CtrlUnit.v:58]
ERROR: [VRFC 10-4982] syntax error near ';' [C:/Users/haozh/Desktop/ca21/lab/Code4Stu/Exp1/code/core/CtrlUnit.v:59]
ERROR: [VRFC 10-4982] syntax error near ';' [C:/Users/haozh/Desktop/ca21/lab/Code4Stu/Exp1/code/core/CtrlUnit.v:60]
ERROR: [VRFC 10-4982] syntax error near ';' [C:/Users/haozh/Desktop/ca21/lab/Code4Stu/Exp1/code/core/CtrlUnit.v:61]
ERROR: [VRFC 10-4982] syntax error near ';' [C:/Users/haozh/Desktop/ca21/lab/Code4Stu/Exp1/code/core/CtrlUnit.v:62]
ERROR: [VRFC 10-4982] syntax error near ';' [C:/Users/haozh/Desktop/ca21/lab/Code4Stu/Exp1/code/core/CtrlUnit.v:63]
ERROR: [VRFC 10-4982] syntax error near ';' [C:/Users/haozh/Desktop/ca21/lab/Code4Stu/Exp1/code/core/CtrlUnit.v:65]
ERROR: [VRFC 10-4982] syntax error near ';' [C:/Users/haozh/Desktop/ca21/lab/Code4Stu/Exp1/code/core/CtrlUnit.v:66]
ERROR: [VRFC 10-4982] syntax error near ';' [C:/Users/haozh/Desktop/ca21/lab/Code4Stu/Exp1/code/core/CtrlUnit.v:67]
ERROR: [VRFC 10-4982] syntax error near ';' [C:/Users/haozh/Desktop/ca21/lab/Code4Stu/Exp1/code/core/CtrlUnit.v:68]
ERROR: [VRFC 10-4982] syntax error near ';' [C:/Users/haozh/Desktop/ca21/lab/Code4Stu/Exp1/code/core/CtrlUnit.v:69]
ERROR: [VRFC 10-4982] syntax error near ';' [C:/Users/haozh/Desktop/ca21/lab/Code4Stu/Exp1/code/core/CtrlUnit.v:71]
ERROR: [VRFC 10-4982] syntax error near ';' [C:/Users/haozh/Desktop/ca21/lab/Code4Stu/Exp1/code/core/CtrlUnit.v:72]
ERROR: [VRFC 10-4982] syntax error near ';' [C:/Users/haozh/Desktop/ca21/lab/Code4Stu/Exp1/code/core/CtrlUnit.v:73]
ERROR: [VRFC 10-4982] syntax error near ';' [C:/Users/haozh/Desktop/ca21/lab/Code4Stu/Exp1/code/core/CtrlUnit.v:75]
ERROR: [VRFC 10-4982] syntax error near ';' [C:/Users/haozh/Desktop/ca21/lab/Code4Stu/Exp1/code/core/CtrlUnit.v:76]
ERROR: [VRFC 10-4982] syntax error near ';' [C:/Users/haozh/Desktop/ca21/lab/Code4Stu/Exp1/code/core/CtrlUnit.v:78]
ERROR: [VRFC 10-4982] syntax error near ';' [C:/Users/haozh/Desktop/ca21/lab/Code4Stu/Exp1/code/core/CtrlUnit.v:79]
ERROR: [VRFC 10-4982] syntax error near ';' [C:/Users/haozh/Desktop/ca21/lab/Code4Stu/Exp1/code/core/CtrlUnit.v:88]
INFO: [#UNDEF] Sorry, too many errors..
INFO: [USF-XSim-69] 'compile' step finished in '2' seconds
INFO: [USF-XSim-99] Step results log file:'C:/Users/haozh/Desktop/ca21/lab/Code4Stu/Exp1/Exp1.sim/sim_1/behav/xsim/xvlog.log'
ERROR: [USF-XSim-62] 'compile' step failed with error(s). Please check the Tcl console output or 'C:/Users/haozh/Desktop/ca21/lab/Code4Stu/Exp1/Exp1.sim/sim_1/behav/xsim/xvlog.log' file for more information.
ERROR: [Vivado 12-4473] Detected error while running simulation. Please correct the issue and retry this operation.
ERROR: [Common 17-39] 'launch_simulation' failed due to earlier errors.
exit
INFO: [Common 17-206] Exiting Vivado at Tue Sep 20 21:05:32 2022...
